<?xml version="1.0" encoding="UTF-8"?>
<!-- Generated by org.testng.reporters.JUnitReportReporter -->
<testsuite hostname="DESKTOP-KJQ7RLT" failures="0" tests="1" name="Session_06.SchemaValidation" time="4.501" errors="0" timestamp="2024-12-27T21:15:41 IST" skipped="0">
  <testcase classname="Session_06.SchemaValidation" name="Test_Schema" time="4.501"/>
</testsuite> <!-- Session_06.SchemaValidation -->
