<?xml version="1.0" encoding="UTF-8"?>
<!-- Generated by org.testng.reporters.JUnitReportReporter -->
<testsuite hostname="DESKTOP-KJQ7RLT" failures="0" tests="1" name="Session_05.ParsingXmlResponse" time="2.235" errors="0" timestamp="2024-12-15T22:02:06 IST" skipped="0">
  <testcase classname="Session_05.ParsingXmlResponse" name="Parsing_XML_Variable_Response" time="2.235"/>
</testsuite> <!-- Session_05.ParsingXmlResponse -->
