<?xml version="1.0" encoding="UTF-8"?>
<!-- Generated by org.testng.reporters.JUnitReportReporter -->
<testsuite hostname="DESKTOP-KJQ7RLT" failures="0" tests="1" name="Session_06.Serialization_Deserialization" time="0.467" errors="0" timestamp="2025-01-12T21:48:01 IST" skipped="0">
  <testcase classname="Session_06.Serialization_Deserialization" name="Convert_Json2Pojo" time="0.467"/>
</testsuite> <!-- Session_06.Serialization_Deserialization -->
