<?xml version="1.0" encoding="UTF-8"?>
<!-- Generated by org.testng.reporters.JUnitReportReporter -->
<testsuite hostname="DESKTOP-KJQ7RLT" failures="0" tests="1" name="Session_05.run" time="4.971" errors="0" timestamp="2024-12-26T15:30:55 IST" skipped="0">
  <testcase classname="Session_05.run" name="Test_File_Upload" time="4.971"/>
</testsuite> <!-- Session_05.run -->
