<?xml version="1.0" encoding="UTF-8"?>
<!-- Generated by org.testng.reporters.JUnitReportReporter -->
<testsuite hostname="DESKTOP-KJQ7RLT" failures="0" tests="2" name="Session_03.Header" time="4.401" errors="0" timestamp="2024-11-23T12:16:32 IST" skipped="0">
  <testcase classname="Session_03.Header" name="Test_Get_Header" time="3.273"/>
  <testcase classname="Session_03.Header" name="Test_Headers" time="1.128"/>
</testsuite> <!-- Session_03.Header -->
