<?xml version="1.0" encoding="UTF-8"?>
<!-- Generated by org.testng.reporters.JUnitReportReporter -->
<testsuite hostname="DESKTOP-KJQ7RLT" failures="0" tests="2" name="Session_05.File_Upload_Test" time="5.043" errors="0" timestamp="2024-12-26T16:04:57 IST" skipped="0">
  <testcase classname="Session_05.File_Upload_Test" name="Test_File_Upload" time="4.781"/>
  <testcase classname="Session_05.File_Upload_Test" name="Test_Download" time="0.262"/>
</testsuite> <!-- Session_05.File_Upload_Test -->
