<?xml version="1.0" encoding="UTF-8"?>
<!-- Generated by org.testng.reporters.JUnitReportReporter -->
<testsuite hostname="DESKTOP-KJQ7RLT" failures="0" tests="1" name="Session_04.ParsingJsonResponseData" time="2.182" errors="0" timestamp="2024-12-08T13:36:56 IST" skipped="0">
  <testcase classname="Session_04.ParsingJsonResponseData" name="TestJsonResponseBody03" time="2.182"/>
</testsuite> <!-- Session_04.ParsingJsonResponseData -->
