<?xml version="1.0" encoding="UTF-8"?>
<!-- Generated by org.testng.reporters.JUnitReportReporter -->
<testsuite hostname="DESKTOP-KJQ7RLT" failures="0" tests="1" name="Session_02.Ways_To_Create_Request_Body" time="4.433" errors="0" timestamp="2025-01-12T21:17:58 IST" skipped="0">
  <testcase classname="Session_02.Ways_To_Create_Request_Body" name="Create_User_With_pojoClass" time="4.433"/>
</testsuite> <!-- Session_02.Ways_To_Create_Request_Body -->
