<?xml version="1.0" encoding="UTF-8"?>
<!-- Generated by org.testng.reporters.JUnitReportReporter -->
<testsuite hostname="DESKTOP-KJQ7RLT" failures="0" tests="1" name="Session_03.Path_Query_Parameters" time="3.898" errors="0" timestamp="2024-11-23T12:06:37 IST" skipped="0">
  <testcase classname="Session_03.Path_Query_Parameters" name="Test_Path_And_Query_Parameters" time="3.898"/>
</testsuite> <!-- Session_03.Path_Query_Parameters -->
