<?xml version="1.0" encoding="UTF-8"?>
<!-- Generated by org.testng.reporters.JUnitReportReporter -->
<testsuite hostname="DESKTOP-KJQ7RLT" failures="0" tests="1" name="Session_01.HTTP_Request" time="3.030" errors="0" timestamp="2024-10-20T21:41:40 IST" skipped="0">
  <testcase classname="Session_01.HTTP_Request" name="getUsers" time="3.030"/>
</testsuite> <!-- Session_01.HTTP_Request -->
